[2016-08-17 18:41:54] local.ERROR: Symfony\Component\Debug\Exception\FatalThrowableError: Class 'App\Services\BattleNet\Route' not found in /var/www/laravel/app/Services/BattleNet/BattleNetServiceProvider.php:33
Stack trace:
#0 [internal function]: App\Services\BattleNet\BattleNetServiceProvider->boot()
#1 /var/www/laravel/bootstrap/cache/compiled.php(1262): call_user_func_array(Array, Array)
#2 /var/www/laravel/bootstrap/cache/compiled.php(1909): Illuminate\Container\Container->call(Array)
#3 /var/www/laravel/bootstrap/cache/compiled.php(1901): Illuminate\Foundation\Application->bootProvider(Object(App\Services\BattleNet\BattleNetServiceProvider))
#4 [internal function]: Illuminate\Foundation\Application->Illuminate\Foundation\{closure}(Object(App\Services\BattleNet\BattleNetServiceProvider), 2)
#5 /var/www/laravel/bootstrap/cache/compiled.php(1902): array_walk(Array, Object(Closure))
#6 /var/www/laravel/bootstrap/cache/compiled.php(2241): Illuminate\Foundation\Application->boot()
#7 /var/www/laravel/bootstrap/cache/compiled.php(1674): Illuminate\Foundation\Bootstrap\BootProviders->bootstrap(Object(Illuminate\Foundation\Application))
#8 /var/www/laravel/bootstrap/cache/compiled.php(2424): Illuminate\Foundation\Application->bootstrapWith(Array)
#9 /var/www/laravel/bootstrap/cache/compiled.php(2377): Illuminate\Foundation\Http\Kernel->bootstrap()
#10 /var/www/laravel/bootstrap/cache/compiled.php(2362): Illuminate\Foundation\Http\Kernel->sendRequestThroughRouter(Object(Illuminate\Http\Request))
#11 /var/www/laravel/public/index.php(53): Illuminate\Foundation\Http\Kernel->handle(Object(Illuminate\Http\Request))
#12 {main}  
[2016-08-17 18:42:04] local.ERROR: ReflectionException: Class Auth\RegisterController does not exist in /var/www/laravel/bootstrap/cache/compiled.php:1360
Stack trace:
#0 /var/www/laravel/bootstrap/cache/compiled.php(1360): ReflectionClass->__construct('Auth\\RegisterCo...')
#1 /var/www/laravel/bootstrap/cache/compiled.php(1314): Illuminate\Container\Container->build('Auth\\RegisterCo...', Array)
#2 /var/www/laravel/bootstrap/cache/compiled.php(1884): Illuminate\Container\Container->make('Auth\\RegisterCo...', Array)
#3 /var/www/laravel/bootstrap/cache/compiled.php(8400): Illuminate\Foundation\Application->make('Auth\\RegisterCo...')
#4 /var/www/laravel/bootstrap/cache/compiled.php(8452): Illuminate\Routing\Route->getController()
#5 /var/www/laravel/bootstrap/cache/compiled.php(8434): Illuminate\Routing\Route->controllerMiddleware()
#6 /var/www/laravel/bootstrap/cache/compiled.php(8078): Illuminate\Routing\Route->gatherMiddleware()
#7 /var/www/laravel/bootstrap/cache/compiled.php(8071): Illuminate\Routing\Router->gatherRouteMiddleware(Object(Illuminate\Routing\Route))
#8 /var/www/laravel/bootstrap/cache/compiled.php(8065): Illuminate\Routing\Router->runRouteWithinStack(Object(Illuminate\Routing\Route), Object(Illuminate\Http\Request))
#9 /var/www/laravel/bootstrap/cache/compiled.php(8056): Illuminate\Routing\Router->dispatchToRoute(Object(Illuminate\Http\Request))
#10 /var/www/laravel/bootstrap/cache/compiled.php(2431): Illuminate\Routing\Router->dispatch(Object(Illuminate\Http\Request))
#11 /var/www/laravel/vendor/laravel/framework/src/Illuminate/Routing/Pipeline.php(53): Illuminate\Foundation\Http\Kernel->Illuminate\Foundation\Http\{closure}(Object(Illuminate\Http\Request))
#12 /var/www/laravel/bootstrap/cache/compiled.php(3156): Illuminate\Routing\Pipeline->Illuminate\Routing\{closure}(Object(Illuminate\Http\Request))
#13 /var/www/laravel/bootstrap/cache/compiled.php(9770): Illuminate\Foundation\Http\Middleware\CheckForMaintenanceMode->handle(Object(Illuminate\Http\Request), Object(Closure))
#14 /var/www/laravel/vendor/laravel/framework/src/Illuminate/Routing/Pipeline.php(33): Illuminate\Pipeline\Pipeline->Illuminate\Pipeline\{closure}(Object(Illuminate\Http\Request))
#15 /var/www/laravel/bootstrap/cache/compiled.php(9755): Illuminate\Routing\Pipeline->Illuminate\Routing\{closure}(Object(Illuminate\Http\Request))
#16 /var/www/laravel/bootstrap/cache/compiled.php(2378): Illuminate\Pipeline\Pipeline->then(Object(Closure))
#17 /var/www/laravel/bootstrap/cache/compiled.php(2362): Illuminate\Foundation\Http\Kernel->sendRequestThroughRouter(Object(Illuminate\Http\Request))
#18 /var/www/laravel/public/index.php(53): Illuminate\Foundation\Http\Kernel->handle(Object(Illuminate\Http\Request))
#19 {main}  
[2016-08-17 18:42:04] local.ERROR: ReflectionException: Class Auth\RegisterController does not exist in /var/www/laravel/bootstrap/cache/compiled.php:1360
Stack trace:
#0 /var/www/laravel/bootstrap/cache/compiled.php(1360): ReflectionClass->__construct('Auth\\RegisterCo...')
#1 /var/www/laravel/bootstrap/cache/compiled.php(1314): Illuminate\Container\Container->build('Auth\\RegisterCo...', Array)
#2 /var/www/laravel/bootstrap/cache/compiled.php(1884): Illuminate\Container\Container->make('Auth\\RegisterCo...', Array)
#3 /var/www/laravel/bootstrap/cache/compiled.php(8400): Illuminate\Foundation\Application->make('Auth\\RegisterCo...')
#4 /var/www/laravel/bootstrap/cache/compiled.php(8452): Illuminate\Routing\Route->getController()
#5 /var/www/laravel/bootstrap/cache/compiled.php(8434): Illuminate\Routing\Route->controllerMiddleware()
#6 /var/www/laravel/bootstrap/cache/compiled.php(8078): Illuminate\Routing\Route->gatherMiddleware()
#7 /var/www/laravel/bootstrap/cache/compiled.php(2395): Illuminate\Routing\Router->gatherRouteMiddleware(Object(Illuminate\Routing\Route))
#8 /var/www/laravel/bootstrap/cache/compiled.php(2382): Illuminate\Foundation\Http\Kernel->gatherRouteMiddleware(Object(Illuminate\Http\Request))
#9 /var/www/laravel/public/index.php(58): Illuminate\Foundation\Http\Kernel->terminate(Object(Illuminate\Http\Request), Object(Illuminate\Http\Response))
#10 {main}  
[2016-08-17 18:43:11] local.ERROR: ReflectionException: Class Auth\RegisterController does not exist in /var/www/laravel/bootstrap/cache/compiled.php:1360
Stack trace:
#0 /var/www/laravel/bootstrap/cache/compiled.php(1360): ReflectionClass->__construct('Auth\\RegisterCo...')
#1 /var/www/laravel/bootstrap/cache/compiled.php(1314): Illuminate\Container\Container->build('Auth\\RegisterCo...', Array)
#2 /var/www/laravel/bootstrap/cache/compiled.php(1884): Illuminate\Container\Container->make('Auth\\RegisterCo...', Array)
#3 /var/www/laravel/bootstrap/cache/compiled.php(8400): Illuminate\Foundation\Application->make('Auth\\RegisterCo...')
#4 /var/www/laravel/bootstrap/cache/compiled.php(8452): Illuminate\Routing\Route->getController()
#5 /var/www/laravel/bootstrap/cache/compiled.php(8434): Illuminate\Routing\Route->controllerMiddleware()
#6 /var/www/laravel/bootstrap/cache/compiled.php(8078): Illuminate\Routing\Route->gatherMiddleware()
#7 /var/www/laravel/bootstrap/cache/compiled.php(8071): Illuminate\Routing\Router->gatherRouteMiddleware(Object(Illuminate\Routing\Route))
#8 /var/www/laravel/bootstrap/cache/compiled.php(8065): Illuminate\Routing\Router->runRouteWithinStack(Object(Illuminate\Routing\Route), Object(Illuminate\Http\Request))
#9 /var/www/laravel/bootstrap/cache/compiled.php(8056): Illuminate\Routing\Router->dispatchToRoute(Object(Illuminate\Http\Request))
#10 /var/www/laravel/bootstrap/cache/compiled.php(2431): Illuminate\Routing\Router->dispatch(Object(Illuminate\Http\Request))
#11 /var/www/laravel/vendor/laravel/framework/src/Illuminate/Routing/Pipeline.php(53): Illuminate\Foundation\Http\Kernel->Illuminate\Foundation\Http\{closure}(Object(Illuminate\Http\Request))
#12 /var/www/laravel/bootstrap/cache/compiled.php(3156): Illuminate\Routing\Pipeline->Illuminate\Routing\{closure}(Object(Illuminate\Http\Request))
#13 /var/www/laravel/bootstrap/cache/compiled.php(9770): Illuminate\Foundation\Http\Middleware\CheckForMaintenanceMode->handle(Object(Illuminate\Http\Request), Object(Closure))
#14 /var/www/laravel/vendor/laravel/framework/src/Illuminate/Routing/Pipeline.php(33): Illuminate\Pipeline\Pipeline->Illuminate\Pipeline\{closure}(Object(Illuminate\Http\Request))
#15 /var/www/laravel/bootstrap/cache/compiled.php(9755): Illuminate\Routing\Pipeline->Illuminate\Routing\{closure}(Object(Illuminate\Http\Request))
#16 /var/www/laravel/bootstrap/cache/compiled.php(2378): Illuminate\Pipeline\Pipeline->then(Object(Closure))
#17 /var/www/laravel/bootstrap/cache/compiled.php(2362): Illuminate\Foundation\Http\Kernel->sendRequestThroughRouter(Object(Illuminate\Http\Request))
#18 /var/www/laravel/public/index.php(53): Illuminate\Foundation\Http\Kernel->handle(Object(Illuminate\Http\Request))
#19 {main}  
[2016-08-17 18:43:11] local.ERROR: ReflectionException: Class Auth\RegisterController does not exist in /var/www/laravel/bootstrap/cache/compiled.php:1360
Stack trace:
#0 /var/www/laravel/bootstrap/cache/compiled.php(1360): ReflectionClass->__construct('Auth\\RegisterCo...')
#1 /var/www/laravel/bootstrap/cache/compiled.php(1314): Illuminate\Container\Container->build('Auth\\RegisterCo...', Array)
#2 /var/www/laravel/bootstrap/cache/compiled.php(1884): Illuminate\Container\Container->make('Auth\\RegisterCo...', Array)
#3 /var/www/laravel/bootstrap/cache/compiled.php(8400): Illuminate\Foundation\Application->make('Auth\\RegisterCo...')
#4 /var/www/laravel/bootstrap/cache/compiled.php(8452): Illuminate\Routing\Route->getController()
#5 /var/www/laravel/bootstrap/cache/compiled.php(8434): Illuminate\Routing\Route->controllerMiddleware()
#6 /var/www/laravel/bootstrap/cache/compiled.php(8078): Illuminate\Routing\Route->gatherMiddleware()
#7 /var/www/laravel/bootstrap/cache/compiled.php(2395): Illuminate\Routing\Router->gatherRouteMiddleware(Object(Illuminate\Routing\Route))
#8 /var/www/laravel/bootstrap/cache/compiled.php(2382): Illuminate\Foundation\Http\Kernel->gatherRouteMiddleware(Object(Illuminate\Http\Request))
#9 /var/www/laravel/public/index.php(58): Illuminate\Foundation\Http\Kernel->terminate(Object(Illuminate\Http\Request), Object(Illuminate\Http\Response))
#10 {main}  
[2016-08-17 18:43:19] local.ERROR: Symfony\Component\Console\Exception\CommandNotFoundException: There are no commands defined in the "clear" namespace. in /var/www/laravel/vendor/symfony/console/Application.php:489
Stack trace:
#0 /var/www/laravel/vendor/symfony/console/Application.php(521): Symfony\Component\Console\Application->findNamespace('clear')
#1 /var/www/laravel/vendor/symfony/console/Application.php(183): Symfony\Component\Console\Application->find('clear:compiled')
#2 /var/www/laravel/vendor/symfony/console/Application.php(117): Symfony\Component\Console\Application->doRun(Object(Symfony\Component\Console\Input\ArgvInput), Object(Symfony\Component\Console\Output\ConsoleOutput))
#3 /var/www/laravel/vendor/laravel/framework/src/Illuminate/Foundation/Console/Kernel.php(111): Symfony\Component\Console\Application->run(Object(Symfony\Component\Console\Input\ArgvInput), Object(Symfony\Component\Console\Output\ConsoleOutput))
#4 /var/www/laravel/artisan(35): Illuminate\Foundation\Console\Kernel->handle(Object(Symfony\Component\Console\Input\ArgvInput), Object(Symfony\Component\Console\Output\ConsoleOutput))
#5 {main}  
[2016-08-17 18:43:37] local.ERROR: ReflectionException: Class Auth\RegisterController does not exist in /var/www/laravel/vendor/laravel/framework/src/Illuminate/Container/Container.php:734
Stack trace:
#0 /var/www/laravel/vendor/laravel/framework/src/Illuminate/Container/Container.php(734): ReflectionClass->__construct('Auth\\RegisterCo...')
#1 /var/www/laravel/vendor/laravel/framework/src/Illuminate/Container/Container.php(629): Illuminate\Container\Container->build('Auth\\RegisterCo...', Array)
#2 /var/www/laravel/vendor/laravel/framework/src/Illuminate/Foundation/Application.php(699): Illuminate\Container\Container->make('Auth\\RegisterCo...', Array)
#3 /var/www/laravel/vendor/laravel/framework/src/Illuminate/Routing/Route.php(203): Illuminate\Foundation\Application->make('Auth\\RegisterCo...')
#4 /var/www/laravel/vendor/laravel/framework/src/Illuminate/Routing/Route.php(316): Illuminate\Routing\Route->getController()
#5 /var/www/laravel/vendor/laravel/framework/src/Illuminate/Routing/Route.php(278): Illuminate\Routing\Route->controllerMiddleware()
#6 /var/www/laravel/vendor/laravel/framework/src/Illuminate/Routing/Router.php(655): Illuminate\Routing\Route->gatherMiddleware()
#7 /var/www/laravel/vendor/laravel/framework/src/Illuminate/Routing/Router.php(635): Illuminate\Routing\Router->gatherRouteMiddleware(Object(Illuminate\Routing\Route))
#8 /var/www/laravel/vendor/laravel/framework/src/Illuminate/Routing/Router.php(618): Illuminate\Routing\Router->runRouteWithinStack(Object(Illuminate\Routing\Route), Object(Illuminate\Http\Request))
#9 /var/www/laravel/vendor/laravel/framework/src/Illuminate/Routing/Router.php(596): Illuminate\Routing\Router->dispatchToRoute(Object(Illuminate\Http\Request))
#10 /var/www/laravel/vendor/laravel/framework/src/Illuminate/Foundation/Http/Kernel.php(263): Illuminate\Routing\Router->dispatch(Object(Illuminate\Http\Request))
#11 /var/www/laravel/vendor/laravel/framework/src/Illuminate/Routing/Pipeline.php(53): Illuminate\Foundation\Http\Kernel->Illuminate\Foundation\Http\{closure}(Object(Illuminate\Http\Request))
#12 /var/www/laravel/vendor/laravel/framework/src/Illuminate/Foundation/Http/Middleware/CheckForMaintenanceMode.php(46): Illuminate\Routing\Pipeline->Illuminate\Routing\{closure}(Object(Illuminate\Http\Request))
#13 /var/www/laravel/vendor/laravel/framework/src/Illuminate/Pipeline/Pipeline.php(137): Illuminate\Foundation\Http\Middleware\CheckForMaintenanceMode->handle(Object(Illuminate\Http\Request), Object(Closure))
#14 /var/www/laravel/vendor/laravel/framework/src/Illuminate/Routing/Pipeline.php(33): Illuminate\Pipeline\Pipeline->Illuminate\Pipeline\{closure}(Object(Illuminate\Http\Request))
#15 /var/www/laravel/vendor/laravel/framework/src/Illuminate/Pipeline/Pipeline.php(104): Illuminate\Routing\Pipeline->Illuminate\Routing\{closure}(Object(Illuminate\Http\Request))
#16 /var/www/laravel/vendor/laravel/framework/src/Illuminate/Foundation/Http/Kernel.php(149): Illuminate\Pipeline\Pipeline->then(Object(Closure))
#17 /var/www/laravel/vendor/laravel/framework/src/Illuminate/Foundation/Http/Kernel.php(116): Illuminate\Foundation\Http\Kernel->sendRequestThroughRouter(Object(Illuminate\Http\Request))
#18 /var/www/laravel/public/index.php(53): Illuminate\Foundation\Http\Kernel->handle(Object(Illuminate\Http\Request))
#19 {main}  
[2016-08-17 18:43:37] local.ERROR: ReflectionException: Class Auth\RegisterController does not exist in /var/www/laravel/vendor/laravel/framework/src/Illuminate/Container/Container.php:734
Stack trace:
#0 /var/www/laravel/vendor/laravel/framework/src/Illuminate/Container/Container.php(734): ReflectionClass->__construct('Auth\\RegisterCo...')
#1 /var/www/laravel/vendor/laravel/framework/src/Illuminate/Container/Container.php(629): Illuminate\Container\Container->build('Auth\\RegisterCo...', Array)
#2 /var/www/laravel/vendor/laravel/framework/src/Illuminate/Foundation/Application.php(699): Illuminate\Container\Container->make('Auth\\RegisterCo...', Array)
#3 /var/www/laravel/vendor/laravel/framework/src/Illuminate/Routing/Route.php(203): Illuminate\Foundation\Application->make('Auth\\RegisterCo...')
#4 /var/www/laravel/vendor/laravel/framework/src/Illuminate/Routing/Route.php(316): Illuminate\Routing\Route->getController()
#5 /var/www/laravel/vendor/laravel/framework/src/Illuminate/Routing/Route.php(278): Illuminate\Routing\Route->controllerMiddleware()
#6 /var/www/laravel/vendor/laravel/framework/src/Illuminate/Routing/Router.php(655): Illuminate\Routing\Route->gatherMiddleware()
#7 /var/www/laravel/vendor/laravel/framework/src/Illuminate/Foundation/Http/Kernel.php(188): Illuminate\Routing\Router->gatherRouteMiddleware(Object(Illuminate\Routing\Route))
#8 /var/www/laravel/vendor/laravel/framework/src/Illuminate/Foundation/Http/Kernel.php(162): Illuminate\Foundation\Http\Kernel->gatherRouteMiddleware(Object(Illuminate\Http\Request))
#9 /var/www/laravel/public/index.php(58): Illuminate\Foundation\Http\Kernel->terminate(Object(Illuminate\Http\Request), Object(Illuminate\Http\Response))
#10 {main}  
[2016-08-17 18:51:22] local.ERROR: Symfony\Component\Debug\Exception\FatalThrowableError: Class 'App\Services\BattleNet\Traits\Route' not found in /var/www/laravel/app/Services/BattleNet/Traits/BattleNetRouteServiceProviderTrait.php:24
Stack trace:
#0 /var/www/laravel/app/Providers/RouteServiceProvider.php(44): App\Providers\RouteServiceProvider->mapBattleNetRoutes()
#1 [internal function]: App\Providers\RouteServiceProvider->map()
#2 /var/www/laravel/vendor/laravel/framework/src/Illuminate/Container/Container.php(507): call_user_func_array(Array, Array)
#3 /var/www/laravel/vendor/laravel/framework/src/Illuminate/Foundation/Support/Providers/RouteServiceProvider.php(70): Illuminate\Container\Container->call(Array)
#4 /var/www/laravel/vendor/laravel/framework/src/Illuminate/Foundation/Support/Providers/RouteServiceProvider.php(31): Illuminate\Foundation\Support\Providers\RouteServiceProvider->loadRoutes()
#5 /var/www/laravel/app/Providers/RouteServiceProvider.php(30): Illuminate\Foundation\Support\Providers\RouteServiceProvider->boot()
#6 [internal function]: App\Providers\RouteServiceProvider->boot()
#7 /var/www/laravel/vendor/laravel/framework/src/Illuminate/Container/Container.php(507): call_user_func_array(Array, Array)
#8 /var/www/laravel/vendor/laravel/framework/src/Illuminate/Foundation/Application.php(759): Illuminate\Container\Container->call(Array)
#9 /var/www/laravel/vendor/laravel/framework/src/Illuminate/Foundation/Application.php(742): Illuminate\Foundation\Application->bootProvider(Object(App\Providers\RouteServiceProvider))
#10 [internal function]: Illuminate\Foundation\Application->Illuminate\Foundation\{closure}(Object(App\Providers\RouteServiceProvider), 21)
#11 /var/www/laravel/vendor/laravel/framework/src/Illuminate/Foundation/Application.php(743): array_walk(Array, Object(Closure))
#12 /var/www/laravel/vendor/laravel/framework/src/Illuminate/Foundation/Bootstrap/BootProviders.php(17): Illuminate\Foundation\Application->boot()
#13 /var/www/laravel/vendor/laravel/framework/src/Illuminate/Foundation/Application.php(203): Illuminate\Foundation\Bootstrap\BootProviders->bootstrap(Object(Illuminate\Foundation\Application))
#14 /var/www/laravel/vendor/laravel/framework/src/Illuminate/Foundation/Http/Kernel.php(249): Illuminate\Foundation\Application->bootstrapWith(Array)
#15 /var/www/laravel/vendor/laravel/framework/src/Illuminate/Foundation/Http/Kernel.php(144): Illuminate\Foundation\Http\Kernel->bootstrap()
#16 /var/www/laravel/vendor/laravel/framework/src/Illuminate/Foundation/Http/Kernel.php(116): Illuminate\Foundation\Http\Kernel->sendRequestThroughRouter(Object(Illuminate\Http\Request))
#17 /var/www/laravel/public/index.php(53): Illuminate\Foundation\Http\Kernel->handle(Object(Illuminate\Http\Request))
#18 {main}  
[2016-08-17 18:53:27] local.ERROR: Symfony\Component\Debug\Exception\FatalThrowableError: Class 'App\Services\BattleNet\Traits\Route' not found in /var/www/laravel/app/Services/BattleNet/Traits/BattleNetRouteServiceProviderTrait.php:24
Stack trace:
#0 /var/www/laravel/app/Providers/RouteServiceProvider.php(44): App\Providers\RouteServiceProvider->mapBattleNetRoutes()
#1 [internal function]: App\Providers\RouteServiceProvider->map()
#2 /var/www/laravel/vendor/laravel/framework/src/Illuminate/Container/Container.php(507): call_user_func_array(Array, Array)
#3 /var/www/laravel/vendor/laravel/framework/src/Illuminate/Foundation/Support/Providers/RouteServiceProvider.php(70): Illuminate\Container\Container->call(Array)
#4 /var/www/laravel/vendor/laravel/framework/src/Illuminate/Foundation/Support/Providers/RouteServiceProvider.php(31): Illuminate\Foundation\Support\Providers\RouteServiceProvider->loadRoutes()
#5 /var/www/laravel/app/Providers/RouteServiceProvider.php(30): Illuminate\Foundation\Support\Providers\RouteServiceProvider->boot()
#6 [internal function]: App\Providers\RouteServiceProvider->boot()
#7 /var/www/laravel/vendor/laravel/framework/src/Illuminate/Container/Container.php(507): call_user_func_array(Array, Array)
#8 /var/www/laravel/vendor/laravel/framework/src/Illuminate/Foundation/Application.php(759): Illuminate\Container\Container->call(Array)
#9 /var/www/laravel/vendor/laravel/framework/src/Illuminate/Foundation/Application.php(742): Illuminate\Foundation\Application->bootProvider(Object(App\Providers\RouteServiceProvider))
#10 [internal function]: Illuminate\Foundation\Application->Illuminate\Foundation\{closure}(Object(App\Providers\RouteServiceProvider), 21)
#11 /var/www/laravel/vendor/laravel/framework/src/Illuminate/Foundation/Application.php(743): array_walk(Array, Object(Closure))
#12 /var/www/laravel/vendor/laravel/framework/src/Illuminate/Foundation/Bootstrap/BootProviders.php(17): Illuminate\Foundation\Application->boot()
#13 /var/www/laravel/vendor/laravel/framework/src/Illuminate/Foundation/Application.php(203): Illuminate\Foundation\Bootstrap\BootProviders->bootstrap(Object(Illuminate\Foundation\Application))
#14 /var/www/laravel/vendor/laravel/framework/src/Illuminate/Foundation/Http/Kernel.php(249): Illuminate\Foundation\Application->bootstrapWith(Array)
#15 /var/www/laravel/vendor/laravel/framework/src/Illuminate/Foundation/Http/Kernel.php(144): Illuminate\Foundation\Http\Kernel->bootstrap()
#16 /var/www/laravel/vendor/laravel/framework/src/Illuminate/Foundation/Http/Kernel.php(116): Illuminate\Foundation\Http\Kernel->sendRequestThroughRouter(Object(Illuminate\Http\Request))
#17 /var/www/laravel/public/index.php(53): Illuminate\Foundation\Http\Kernel->handle(Object(Illuminate\Http\Request))
#18 {main}  
[2016-08-17 18:53:41] local.ERROR: InvalidArgumentException: eu is not a valid locale in /var/www/laravel/vendor/pwnraid/bnet/src/Region.php:118
Stack trace:
#0 /var/www/laravel/app/Services/BattleNet/BattleNetServiceProvider.php(33): Pwnraid\Bnet\Region->__construct('eu', 'eu')
#1 /var/www/laravel/vendor/laravel/framework/src/Illuminate/Container/Container.php(731): App\Services\BattleNet\BattleNetServiceProvider->App\Services\BattleNet\{closure}(Object(Illuminate\Foundation\Application), Array)
#2 /var/www/laravel/vendor/laravel/framework/src/Illuminate/Container/Container.php(629): Illuminate\Container\Container->build(Object(Closure), Array)
#3 /var/www/laravel/vendor/laravel/framework/src/Illuminate/Foundation/Application.php(699): Illuminate\Container\Container->make('App\\Services\\Ba...', Array)
#4 /var/www/laravel/vendor/laravel/framework/src/Illuminate/Container/Container.php(1182): Illuminate\Foundation\Application->make('App\\Services\\Ba...')
#5 /var/www/laravel/vendor/laravel/framework/src/Illuminate/Support/Facades/Facade.php(176): Illuminate\Container\Container->offsetGet('App\\Services\\Ba...')
#6 /var/www/laravel/vendor/laravel/framework/src/Illuminate/Support/Facades/Facade.php(145): Illuminate\Support\Facades\Facade::resolveFacadeInstance('App\\Services\\Ba...')
#7 /var/www/laravel/vendor/laravel/framework/src/Illuminate/Support/Facades/Facade.php(232): Illuminate\Support\Facades\Facade::getFacadeRoot()
#8 /var/www/laravel/app/Services/BattleNet/Traits/BattleNetControllerTrait.php(21): Illuminate\Support\Facades\Facade::__callStatic('auth', Array)
#9 [internal function]: App\Http\Controllers\Auth\RegisterController->redirectToBattleNet()
#10 /var/www/laravel/vendor/laravel/framework/src/Illuminate/Routing/Controller.php(52): call_user_func_array(Array, Array)
#11 /var/www/laravel/vendor/laravel/framework/src/Illuminate/Routing/ControllerDispatcher.php(44): Illuminate\Routing\Controller->callAction('redirectToBattl...', Array)
#12 /var/www/laravel/vendor/laravel/framework/src/Illuminate/Routing/Route.php(189): Illuminate\Routing\ControllerDispatcher->dispatch(Object(Illuminate\Routing\Route), Object(App\Http\Controllers\Auth\RegisterController), 'redirectToBattl...')
#13 /var/www/laravel/vendor/laravel/framework/src/Illuminate/Routing/Route.php(144): Illuminate\Routing\Route->runController()
#14 /var/www/laravel/vendor/laravel/framework/src/Illuminate/Routing/Router.php(642): Illuminate\Routing\Route->run(Object(Illuminate\Http\Request))
#15 /var/www/laravel/vendor/laravel/framework/src/Illuminate/Routing/Pipeline.php(53): Illuminate\Routing\Router->Illuminate\Routing\{closure}(Object(Illuminate\Http\Request))
#16 /var/www/laravel/app/Http/Middleware/RedirectIfAuthenticated.php(24): Illuminate\Routing\Pipeline->Illuminate\Routing\{closure}(Object(Illuminate\Http\Request))
#17 /var/www/laravel/vendor/laravel/framework/src/Illuminate/Pipeline/Pipeline.php(137): App\Http\Middleware\RedirectIfAuthenticated->handle(Object(Illuminate\Http\Request), Object(Closure))
#18 /var/www/laravel/vendor/laravel/framework/src/Illuminate/Routing/Pipeline.php(33): Illuminate\Pipeline\Pipeline->Illuminate\Pipeline\{closure}(Object(Illuminate\Http\Request))
#19 /var/www/laravel/vendor/laravel/framework/src/Illuminate/Routing/Middleware/SubstituteBindings.php(41): Illuminate\Routing\Pipeline->Illuminate\Routing\{closure}(Object(Illuminate\Http\Request))
#20 /var/www/laravel/vendor/laravel/framework/src/Illuminate/Pipeline/Pipeline.php(137): Illuminate\Routing\Middleware\SubstituteBindings->handle(Object(Illuminate\Http\Request), Object(Closure))
#21 /var/www/laravel/vendor/laravel/framework/src/Illuminate/Routing/Pipeline.php(33): Illuminate\Pipeline\Pipeline->Illuminate\Pipeline\{closure}(Object(Illuminate\Http\Request))
#22 /var/www/laravel/vendor/laravel/framework/src/Illuminate/Foundation/Http/Middleware/VerifyCsrfToken.php(64): Illuminate\Routing\Pipeline->Illuminate\Routing\{closure}(Object(Illuminate\Http\Request))
#23 /var/www/laravel/vendor/laravel/framework/src/Illuminate/Pipeline/Pipeline.php(137): Illuminate\Foundation\Http\Middleware\VerifyCsrfToken->handle(Object(Illuminate\Http\Request), Object(Closure))
#24 /var/www/laravel/vendor/laravel/framework/src/Illuminate/Routing/Pipeline.php(33): Illuminate\Pipeline\Pipeline->Illuminate\Pipeline\{closure}(Object(Illuminate\Http\Request))
#25 /var/www/laravel/vendor/laravel/framework/src/Illuminate/View/Middleware/ShareErrorsFromSession.php(49): Illuminate\Routing\Pipeline->Illuminate\Routing\{closure}(Object(Illuminate\Http\Request))
#26 /var/www/laravel/vendor/laravel/framework/src/Illuminate/Pipeline/Pipeline.php(137): Illuminate\View\Middleware\ShareErrorsFromSession->handle(Object(Illuminate\Http\Request), Object(Closure))
#27 /var/www/laravel/vendor/laravel/framework/src/Illuminate/Routing/Pipeline.php(33): Illuminate\Pipeline\Pipeline->Illuminate\Pipeline\{closure}(Object(Illuminate\Http\Request))
#28 /var/www/laravel/vendor/laravel/framework/src/Illuminate/Session/Middleware/StartSession.php(64): Illuminate\Routing\Pipeline->Illuminate\Routing\{closure}(Object(Illuminate\Http\Request))
#29 /var/www/laravel/vendor/laravel/framework/src/Illuminate/Pipeline/Pipeline.php(137): Illuminate\Session\Middleware\StartSession->handle(Object(Illuminate\Http\Request), Object(Closure))
#30 /var/www/laravel/vendor/laravel/framework/src/Illuminate/Routing/Pipeline.php(33): Illuminate\Pipeline\Pipeline->Illuminate\Pipeline\{closure}(Object(Illuminate\Http\Request))
#31 /var/www/laravel/vendor/laravel/framework/src/Illuminate/Cookie/Middleware/AddQueuedCookiesToResponse.php(37): Illuminate\Routing\Pipeline->Illuminate\Routing\{closure}(Object(Illuminate\Http\Request))
#32 /var/www/laravel/vendor/laravel/framework/src/Illuminate/Pipeline/Pipeline.php(137): Illuminate\Cookie\Middleware\AddQueuedCookiesToResponse->handle(Object(Illuminate\Http\Request), Object(Closure))
#33 /var/www/laravel/vendor/laravel/framework/src/Illuminate/Routing/Pipeline.php(33): Illuminate\Pipeline\Pipeline->Illuminate\Pipeline\{closure}(Object(Illuminate\Http\Request))
#34 /var/www/laravel/vendor/laravel/framework/src/Illuminate/Cookie/Middleware/EncryptCookies.php(59): Illuminate\Routing\Pipeline->Illuminate\Routing\{closure}(Object(Illuminate\Http\Request))
#35 /var/www/laravel/vendor/laravel/framework/src/Illuminate/Pipeline/Pipeline.php(137): Illuminate\Cookie\Middleware\EncryptCookies->handle(Object(Illuminate\Http\Request), Object(Closure))
#36 /var/www/laravel/vendor/laravel/framework/src/Illuminate/Routing/Pipeline.php(33): Illuminate\Pipeline\Pipeline->Illuminate\Pipeline\{closure}(Object(Illuminate\Http\Request))
#37 /var/www/laravel/vendor/laravel/framework/src/Illuminate/Pipeline/Pipeline.php(104): Illuminate\Routing\Pipeline->Illuminate\Routing\{closure}(Object(Illuminate\Http\Request))
#38 /var/www/laravel/vendor/laravel/framework/src/Illuminate/Routing/Router.php(644): Illuminate\Pipeline\Pipeline->then(Object(Closure))
#39 /var/www/laravel/vendor/laravel/framework/src/Illuminate/Routing/Router.php(618): Illuminate\Routing\Router->runRouteWithinStack(Object(Illuminate\Routing\Route), Object(Illuminate\Http\Request))
#40 /var/www/laravel/vendor/laravel/framework/src/Illuminate/Routing/Router.php(596): Illuminate\Routing\Router->dispatchToRoute(Object(Illuminate\Http\Request))
#41 /var/www/laravel/vendor/laravel/framework/src/Illuminate/Foundation/Http/Kernel.php(263): Illuminate\Routing\Router->dispatch(Object(Illuminate\Http\Request))
#42 /var/www/laravel/vendor/laravel/framework/src/Illuminate/Routing/Pipeline.php(53): Illuminate\Foundation\Http\Kernel->Illuminate\Foundation\Http\{closure}(Object(Illuminate\Http\Request))
#43 /var/www/laravel/vendor/laravel/framework/src/Illuminate/Foundation/Http/Middleware/CheckForMaintenanceMode.php(46): Illuminate\Routing\Pipeline->Illuminate\Routing\{closure}(Object(Illuminate\Http\Request))
#44 /var/www/laravel/vendor/laravel/framework/src/Illuminate/Pipeline/Pipeline.php(137): Illuminate\Foundation\Http\Middleware\CheckForMaintenanceMode->handle(Object(Illuminate\Http\Request), Object(Closure))
#45 /var/www/laravel/vendor/laravel/framework/src/Illuminate/Routing/Pipeline.php(33): Illuminate\Pipeline\Pipeline->Illuminate\Pipeline\{closure}(Object(Illuminate\Http\Request))
#46 /var/www/laravel/vendor/laravel/framework/src/Illuminate/Pipeline/Pipeline.php(104): Illuminate\Routing\Pipeline->Illuminate\Routing\{closure}(Object(Illuminate\Http\Request))
#47 /var/www/laravel/vendor/laravel/framework/src/Illuminate/Foundation/Http/Kernel.php(149): Illuminate\Pipeline\Pipeline->then(Object(Closure))
#48 /var/www/laravel/vendor/laravel/framework/src/Illuminate/Foundation/Http/Kernel.php(116): Illuminate\Foundation\Http\Kernel->sendRequestThroughRouter(Object(Illuminate\Http\Request))
#49 /var/www/laravel/public/index.php(53): Illuminate\Foundation\Http\Kernel->handle(Object(Illuminate\Http\Request))
#50 {main}  
